{
  "RSpec": {
    "coverage": {
      "/Users/takebayashitakashi/Desktop/apps/rails_projects/sample_app/config/environment.rb": [
        null,
        1,
        null,
        null,
        1
      ],
      "/Users/takebayashitakashi/Desktop/apps/rails_projects/sample_app/config/application.rb": [
        1,
        null,
        null,
        1,
        1,
        1,
        1,
        null,
        null,
        null,
        null,
        1,
        null,
        1,
        1,
        null,
        null,
        null,
        null,
        null,
        null,
        null,
        null,
        null,
        null,
        null,
        null,
        null,
        1,
        null,
        null
      ],
      "/Users/takebayashitakashi/Desktop/apps/rails_projects/sample_app/config/boot.rb": [
        null,
        1,
        null,
        1
      ],
      "/Users/takebayashitakashi/Desktop/apps/rails_projects/sample_app/config/environments/test.rb": [
        1,
        null,
        null,
        null,
        null,
        null,
        null,
        1,
        null,
        null,
        null,
        null,
        1,
        null,
        null,
        1,
        1,
        null,
        null,
        1,
        1,
        null,
        null,
        1,
        null,
        null,
        1,
        null,
        null,
        null,
        null,
        1,
        null,
        null,
        1,
        null,
        null,
        1,
        null
      ],
      "/Users/takebayashitakashi/Desktop/apps/rails_projects/sample_app/config/initializers/backtrace_silencers.rb": [
        null,
        null,
        null,
        null,
        null,
        null,
        null
      ],
      "/Users/takebayashitakashi/Desktop/apps/rails_projects/sample_app/config/initializers/filter_parameter_logging.rb": [
        null,
        null,
        null,
        1
      ],
      "/Users/takebayashitakashi/Desktop/apps/rails_projects/sample_app/config/initializers/inflections.rb": [
        null,
        null,
        null,
        null,
        null,
        null,
        null,
        null,
        null,
        null,
        null,
        null,
        null,
        null,
        null,
        null
      ],
      "/Users/takebayashitakashi/Desktop/apps/rails_projects/sample_app/config/initializers/mime_types.rb": [
        null,
        null,
        null,
        null,
        null
      ],
      "/Users/takebayashitakashi/Desktop/apps/rails_projects/sample_app/config/initializers/secret_token.rb": [
        null,
        null,
        null,
        null,
        null,
        null,
        null,
        null,
        null,
        null,
        null,
        1,
        null,
        1,
        1,
        1,
        null,
        1,
        null,
        null,
        0,
        0,
        0,
        null,
        null,
        null,
        1
      ],
      "/Users/takebayashitakashi/Desktop/apps/rails_projects/sample_app/config/initializers/session_store.rb": [
        null,
        null,
        1
      ],
      "/Users/takebayashitakashi/Desktop/apps/rails_projects/sample_app/config/initializers/wrap_parameters.rb": [
        null,
        null,
        null,
        null,
        null,
        null,
        1,
        1,
        null,
        null,
        null,
        null,
        null,
        null
      ],
      "/Users/takebayashitakashi/Desktop/apps/rails_projects/sample_app/spec/factories.rb": [
        1,
        1,
        71,
        68,
        1,
        1,
        null,
        1,
        1,
        null,
        null,
        null
      ],
      "/Users/takebayashitakashi/Desktop/apps/rails_projects/sample_app/config/routes.rb": [
        1,
        1,
        1,
        1,
        1,
        1,
        1,
        1,
        1,
        1,
        null,
        null,
        null,
        null,
        null,
        null,
        null,
        null,
        null,
        null,
        null,
        null,
        null,
        null,
        null,
        null,
        null,
        null,
        null,
        null,
        null,
        null,
        null,
        null,
        null,
        null,
        null,
        null,
        null,
        null,
        null,
        null,
        null,
        null,
        null,
        null,
        null,
        null,
        null,
        null,
        null,
        null,
        null,
        null,
        null,
        null,
        null,
        null,
        null,
        null,
        null,
        null,
        null,
        null,
        null,
        null
      ],
      "/Users/takebayashitakashi/Desktop/apps/rails_projects/sample_app/app/helpers/application_helper.rb": [
        1,
        null,
        1,
        158,
        158,
        11,
        null,
        147,
        null,
        null,
        null
      ],
      "/Users/takebayashitakashi/Desktop/apps/rails_projects/sample_app/app/helpers/sessions_helper.rb": [
        1,
        null,
        1,
        33,
        33,
        33,
        33,
        null,
        null,
        1,
        183,
        null,
        null,
        1,
        34,
        null,
        null,
        1,
        414,
        414,
        null,
        null,
        1,
        28,
        null,
        null,
        1,
        1,
        1,
        null,
        null,
        1,
        28,
        28,
        null,
        null,
        1,
        4,
        null,
        null
      ],
      "/Users/takebayashitakashi/Desktop/apps/rails_projects/sample_app/app/helpers/static_pages_helper.rb": [
        1,
        null
      ],
      "/Users/takebayashitakashi/Desktop/apps/rails_projects/sample_app/app/helpers/users_helper.rb": [
        1,
        null,
        null,
        1,
        124,
        124,
        124,
        124,
        null,
        null
      ],
      "/Users/takebayashitakashi/Desktop/apps/rails_projects/sample_app/spec/support/utilities.rb": [
        1,
        null,
        1,
        5,
        5,
        5,
        5,
        null,
        null,
        1,
        32,
        null,
        5,
        5,
        5,
        null,
        27,
        27,
        27,
        27,
        null,
        null,
        null,
        1,
        2,
        2,
        null,
        null,
        null,
        1,
        2,
        2,
        null,
        null
      ],
      "/Users/takebayashitakashi/Desktop/apps/rails_projects/sample_app/spec/models/user_spec.rb": [
        1,
        null,
        1,
        null,
        1,
        22,
        null,
        null,
        null,
        19,
        null,
        2,
        2,
        2,
        2,
        2,
        2,
        2,
        2,
        null,
        2,
        2,
        null,
        1,
        1,
        1,
        1,
        null,
        null,
        2,
        null,
        null,
        1,
        1,
        1,
        null,
        1,
        6,
        6,
        null,
        null,
        null,
        null,
        1,
        1,
        1,
        1,
        4,
        4,
        null,
        null,
        null,
        null,
        1,
        1,
        1,
        1,
        1,
        null,
        null,
        2,
        null,
        null,
        1,
        2,
        null,
        1,
        1,
        1,
        1,
        null,
        null,
        null,
        1,
        1,
        1,
        null,
        null,
        2,
        null,
        null,
        1,
        2,
        2,
        null,
        null,
        1,
        2,
        2,
        null,
        null,
        1,
        4,
        4,
        null,
        1,
        2,
        null,
        null,
        1,
        3,
        null,
        2,
        2,
        null,
        null,
        null,
        1,
        2,
        2,
        null,
        null
      ],
      "/Users/takebayashitakashi/Desktop/apps/rails_projects/sample_app/app/models/user.rb": [
        1,
        128,
        1,
        null,
        1,
        1,
        1,
        null,
        null,
        1,
        1,
        null,
        1,
        120,
        null,
        null,
        1,
        534,
        null,
        null,
        1,
        null,
        1,
        82,
        null,
        null
      ],
      "/Users/takebayashitakashi/Desktop/apps/rails_projects/sample_app/spec/requests/authentication_pages_spec.rb": [
        1,
        null,
        1,
        null,
        18,
        null,
        1,
        16,
        null,
        2,
        2,
        2,
        2,
        null,
        1,
        6,
        null,
        2,
        2,
        2,
        2,
        null,
        1,
        2,
        2,
        null,
        null,
        null,
        1,
        7,
        7,
        null,
        2,
        2,
        2,
        2,
        2,
        2,
        null,
        null,
        null,
        1,
        1,
        4,
        null,
        1,
        1,
        1,
        1,
        1,
        1,
        null,
        null,
        1,
        1,
        1,
        null,
        null,
        null,
        null,
        1,
        1,
        2,
        2,
        null,
        null,
        1,
        2,
        2,
        null,
        null,
        1,
        2,
        2,
        null,
        null,
        null,
        null,
        1,
        4,
        4,
        4,
        null,
        1,
        3,
        2,
        2,
        null,
        null,
        1,
        2,
        2,
        null,
        null,
        null,
        1,
        2,
        2,
        null,
        2,
        null,
        1,
        2,
        2,
        null,
        null,
        null,
        null
      ],
      "/Users/takebayashitakashi/Desktop/apps/rails_projects/sample_app/spec/requests/static_pages_spec.rb": [
        1,
        null,
        1,
        null,
        10,
        null,
        1,
        8,
        8,
        null,
        null,
        1,
        4,
        2,
        2,
        null,
        1,
        2,
        null,
        null,
        1,
        3,
        2,
        2,
        null,
        1,
        null,
        null,
        1,
        3,
        2,
        2,
        null,
        1,
        null,
        null,
        1,
        3,
        2,
        2,
        null,
        1,
        null,
        null,
        1,
        1,
        1,
        1,
        1,
        1,
        1,
        1,
        1,
        1,
        1,
        1,
        1,
        null,
        null
      ],
      "/Users/takebayashitakashi/Desktop/apps/rails_projects/sample_app/spec/requests/user_pages_spec.rb": [
        1,
        null,
        1,
        null,
        24,
        null,
        1,
        9,
        1,
        8,
        8,
        null,
        null,
        2,
        2,
        null,
        1,
        32,
        2,
        null,
        2,
        1,
        1,
        30,
        null,
        null,
        null,
        null,
        1,
        null,
        2,
        null,
        1,
        4,
        1,
        3,
        3,
        null,
        null,
        2,
        1,
        1,
        1,
        null,
        null,
        2,
        null,
        null,
        null,
        null,
        1,
        3,
        3,
        null,
        2,
        2,
        null,
        null,
        1,
        3,
        null,
        2,
        2,
        null,
        null,
        1,
        null,
        9,
        null,
        9,
        null,
        1,
        1,
        2,
        null,
        null,
        1,
        3,
        null,
        2,
        2,
        null,
        null,
        null,
        1,
        6,
        null,
        1,
        2,
        null,
        null,
        1,
        5,
        2,
        null,
        2,
        2,
        2,
        null,
        1,
        2,
        2,
        null,
        null,
        null,
        null,
        null,
        1,
        11,
        1,
        10,
        10,
        null,
        null,
        1,
        2,
        2,
        2,
        null,
        null,
        1,
        2,
        null,
        2,
        null,
        null,
        1,
        6,
        6,
        1,
        5,
        5,
        5,
        5,
        5,
        null,
        null,
        2,
        2,
        2,
        2,
        2,
        null,
        null,
        1,
        1,
        null,
        1,
        null,
        1,
        1,
        1,
        null,
        2,
        null,
        null,
        null
      ],
      "/Users/takebayashitakashi/Desktop/apps/rails_projects/sample_app/app/controllers/static_pages_controller.rb": [
        1,
        1,
        null,
        null,
        1,
        null,
        null,
        1,
        null,
        null,
        1,
        null,
        null
      ],
      "/Users/takebayashitakashi/Desktop/apps/rails_projects/sample_app/app/controllers/application_controller.rb": [
        1,
        null,
        null,
        1,
        1,
        null
      ],
      "/Users/takebayashitakashi/Desktop/apps/rails_projects/sample_app/app/controllers/users_controller.rb": [
        1,
        1,
        1,
        1,
        null,
        1,
        12,
        null,
        null,
        1,
        39,
        null,
        null,
        1,
        11,
        null,
        null,
        1,
        8,
        8,
        5,
        5,
        5,
        null,
        3,
        null,
        null,
        null,
        1,
        null,
        null,
        1,
        7,
        6,
        6,
        null,
        1,
        null,
        null,
        null,
        1,
        1,
        1,
        1,
        null,
        null,
        1,
        null,
        1,
        15,
        null,
        null,
        null,
        null,
        null,
        1,
        39,
        4,
        4,
        null,
        null,
        null,
        1,
        21,
        21,
        null,
        null,
        1,
        2,
        null,
        null
      ],
      "/Users/takebayashitakashi/Desktop/apps/rails_projects/sample_app/app/controllers/sessions_controller.rb": [
        1,
        null,
        1,
        null,
        null,
        1,
        33,
        33,
        28,
        28,
        null,
        5,
        5,
        null,
        null,
        null,
        1,
        1,
        1,
        null,
        null
      ]
    },
    "timestamp": 1410687159
  }
}
